#
# There is insufficient memory for the Java Runtime Environment to continue.
# Native memory allocation (mmap) failed to map 100663296 bytes for Failed to commit area from 0x00000000a0c00000 to 0x00000000a6c00000 of length 100663296.
# Possible reasons:
#   The system is out of physical RAM or swap space
#   The process is running with CompressedOops enabled, and the Java Heap may be blocking the growth of the native heap
# Possible solutions:
#   Reduce memory load on the system
#   Increase physical memory or swap space
#   Check if swap backing store is full
#   Decrease Java heap size (-Xmx/-Xms)
#   Decrease number of Java threads
#   Decrease Java thread stack sizes (-Xss)
#   Set larger code cache with -XX:ReservedCodeCacheSize=
# This output file may be truncated or incomplete.
#
#  Out of Memory Error (t:/workspace/open/src/hotspot/os/windows/os_windows.cpp:3301), pid=8420, tid=1960
#
# JRE version:  (13.0.2+8) (build )
# Java VM: Java HotSpot(TM) 64-Bit Server VM (13.0.2+8, mixed mode, aot, sharing, tiered, compressed oops, g1 gc, windows-amd64)
# No core dump will be written. Minidumps are not enabled by default on client versions of Windows
#

---------------  S U M M A R Y ------------

Command Line: -javaagent:C:\Program Files\JetBrains\IntelliJ IDEA 2019.3.3\lib\idea_rt.jar=65001:C:\Program Files\JetBrains\IntelliJ IDEA 2019.3.3\bin -Dfile.encoding=UTF-8 pt.tooyummytogo.main.ClienteExemplo

Host: AMD Ryzen 5 3500U with Radeon Vega Mobile Gfx  , 8 cores, 5G,  Windows 10 , 64 bit Build 18362 (10.0.18362.778)
Time: Mon May  4 17:32:23 2020 GMT Summer Time elapsed time: 0 seconds (0d 0h 0m 0s)

---------------  T H R E A D  ---------------

Current thread (0x00000225f952d000):  JavaThread "Unknown thread" [_thread_in_vm, id=1960, stack(0x0000006b33e00000,0x0000006b33f00000)]

Stack: [0x0000006b33e00000,0x0000006b33f00000]
Native frames: (J=compiled Java code, j=interpreted, Vv=VM code, C=native code)
V  [jvm.dll+0x624f9a]
V  [jvm.dll+0x770cfa]
V  [jvm.dll+0x7724af]
V  [jvm.dll+0x772ab3]
V  [jvm.dll+0x24bf08]
V  [jvm.dll+0x6222aa]
V  [jvm.dll+0x6170b5]
V  [jvm.dll+0x30a88c]
V  [jvm.dll+0x30a6c2]
V  [jvm.dll+0x30fe36]
V  [jvm.dll+0x353f46]
V  [jvm.dll+0x353720]
V  [jvm.dll+0x2e550a]
V  [jvm.dll+0x2e67a2]
V  [jvm.dll+0x74dd78]
V  [jvm.dll+0x361989]
V  [jvm.dll+0x730e65]
V  [jvm.dll+0x3cc53f]
V  [jvm.dll+0x3ce861]
C  [jli.dll+0x51ff]
C  [ucrtbase.dll+0x20e72]
C  [KERNEL32.DLL+0x17bd4]
C  [ntdll.dll+0x6ce51]


---------------  P R O C E S S  ---------------

Threads class SMR info:
_java_thread_list=0x00007ff88187ccb8, length=0, elements={
}

Java Threads: ( => current thread )

Other Threads:
  0x00000225f9567800 GCTaskThread "GC Thread#0" [stack: 0x0000006b33f00000,0x0000006b34000000] [id=17452]
  0x00000225f9575000 ConcurrentGCThread "G1 Main Marker" [stack: 0x0000006b34000000,0x0000006b34100000] [id=7772]
  0x00000225f9577000 ConcurrentGCThread "G1 Conc#0" [stack: 0x0000006b34100000,0x0000006b34200000] [id=3300]

[error occurred during error reporting (printing all threads), id 0xc0000005, EXCEPTION_ACCESS_VIOLATION (0xc0000005) at pc=0x00007ff8810b51d7]

VM state:not at safepoint (not fully initialized)

VM Mutex/Monitor currently owned by a thread:  ([mutex/lock_event])
[0x00000225f9528f50] Heap_lock - owner thread: 0x00000225f952d000

Heap address: 0x00000000a0c00000, size: 1524 MB, Compressed Oops mode: Non-zero based: 0x00000000a0c00000
Narrow klass base: 0x0000000000000000, Narrow klass shift: 0

GC Heap History (0 events):
No events

Deoptimization events (0 events):
No events

Classes unloaded (0 events):
No events

Classes redefined (0 events):
No events

Internal exceptions (0 events):
No events

Events (8 events):
Event: 0.017 Loaded shared library C:\Program Files\Java\jdk-13.0.2\bin\zip.dll
Event: 0.017 Loaded shared library C:\Program Files\Java\jdk-13.0.2\bin\jimage.dll
Event: 0.019 Loading shared library C:\Program Files\Java\jdk-13.0.2\lib\libjava.base-coop.dll failed, error code 126
Event: 0.019 Loading shared library C:\Program Files\Java\jdk-13.0.2\lib\libjava.logging-coop.dll failed, error code 126
Event: 0.019 Loading shared library C:\Program Files\Java\jdk-13.0.2\lib\libjdk.compiler-coop.dll failed, error code 126
Event: 0.019 Loading shared library C:\Program Files\Java\jdk-13.0.2\lib\libjdk.scripting.nashorn-coop.dll failed, error code 126
Event: 0.019 Loading shared library C:\Program Files\Java\jdk-13.0.2\lib\libjdk.internal.vm.ci-coop.dll failed, error code 126
Event: 0.019 Loading shared library C:\Program Files\Java\jdk-13.0.2\lib\libjdk.internal.vm.compiler-coop.dll failed, error code 126


Dynamic libraries:
0x00007ff7e2740000 - 0x00007ff7e274f000 	C:\Program Files\Java\jdk-13.0.2\bin\java.exe
0x00007ff8b98e0000 - 0x00007ff8b9ad0000 	C:\windows\SYSTEM32\ntdll.dll
0x00007ff8b8bd0000 - 0x00007ff8b8c82000 	C:\windows\System32\KERNEL32.DLL
0x00007ff8b7660000 - 0x00007ff8b7903000 	C:\windows\System32\KERNELBASE.dll
0x00007ff8b69f0000 - 0x00007ff8b6aea000 	C:\windows\System32\ucrtbase.dll
0x00007ff8b0b80000 - 0x00007ff8b0b95000 	C:\Program Files\Java\jdk-13.0.2\bin\VCRUNTIME140.dll
0x00007ff8b02f0000 - 0x00007ff8b0308000 	C:\Program Files\Java\jdk-13.0.2\bin\jli.dll
0x00007ff8b7990000 - 0x00007ff8b7a33000 	C:\windows\System32\ADVAPI32.dll
0x00007ff8b94f0000 - 0x00007ff8b958e000 	C:\windows\System32\msvcrt.dll
0x00007ff8b8710000 - 0x00007ff8b87a7000 	C:\windows\System32\sechost.dll
0x00007ff8b87b0000 - 0x00007ff8b88d0000 	C:\windows\System32\RPCRT4.dll
0x00007ff8b7b60000 - 0x00007ff8b7cf4000 	C:\windows\System32\USER32.dll
0x00007ff8b6920000 - 0x00007ff8b6941000 	C:\windows\System32\win32u.dll
0x00007ff898ca0000 - 0x00007ff898f25000 	C:\windows\WinSxS\amd64_microsoft.windows.common-controls_6595b64144ccf1df_6.0.18362.778_none_e6c6b761130d4fb8\COMCTL32.dll
0x00007ff8b7a40000 - 0x00007ff8b7a66000 	C:\windows\System32\GDI32.dll
0x00007ff8b9100000 - 0x00007ff8b9436000 	C:\windows\System32\combase.dll
0x00007ff8b6ba0000 - 0x00007ff8b6d34000 	C:\windows\System32\gdi32full.dll
0x00007ff8b7910000 - 0x00007ff8b7990000 	C:\windows\System32\bcryptPrimitives.dll
0x00007ff8b6950000 - 0x00007ff8b69ee000 	C:\windows\System32\msvcp_win.dll
0x00007ff8aef50000 - 0x00007ff8aef5a000 	C:\windows\SYSTEM32\VERSION.dll
0x00007ff8b8ba0000 - 0x00007ff8b8bce000 	C:\windows\System32\IMM32.DLL
0x00007ff894110000 - 0x00007ff8941ab000 	C:\Program Files\Java\jdk-13.0.2\bin\msvcp140.dll
0x00007ff880dc0000 - 0x00007ff88191d000 	C:\Program Files\Java\jdk-13.0.2\bin\server\jvm.dll
0x00007ff8b85c0000 - 0x00007ff8b85c8000 	C:\windows\System32\PSAPI.DLL
0x00007ff8b2850000 - 0x00007ff8b2859000 	C:\windows\SYSTEM32\WSOCK32.dll
0x00007ff8b3460000 - 0x00007ff8b3484000 	C:\windows\SYSTEM32\WINMM.dll
0x00007ff8b8b30000 - 0x00007ff8b8b9f000 	C:\windows\System32\WS2_32.dll
0x00007ff8b3430000 - 0x00007ff8b345d000 	C:\windows\SYSTEM32\WINMMBASE.dll
0x00007ff8b6d40000 - 0x00007ff8b6d8a000 	C:\windows\System32\cfgmgr32.dll
0x00007ff8b6800000 - 0x00007ff8b6811000 	C:\windows\System32\kernel.appcore.dll
0x00007ff8b4500000 - 0x00007ff8b4510000 	C:\Program Files\Java\jdk-13.0.2\bin\verify.dll
0x00007ff8a4a40000 - 0x00007ff8a4c34000 	C:\windows\SYSTEM32\DBGHELP.DLL
0x00007ff8a4a10000 - 0x00007ff8a4a3a000 	C:\windows\SYSTEM32\dbgcore.DLL
0x00007ff8a24c0000 - 0x00007ff8a24e6000 	C:\Program Files\Java\jdk-13.0.2\bin\java.dll
0x00007ff8b2860000 - 0x00007ff8b286e000 	C:\Program Files\Java\jdk-13.0.2\bin\instrument.dll
0x00007ff8ae730000 - 0x00007ff8ae747000 	C:\Program Files\Java\jdk-13.0.2\bin\zip.dll
0x00007ff8b3500000 - 0x00007ff8b350a000 	C:\Program Files\Java\jdk-13.0.2\bin\jimage.dll

dbghelp: loaded successfully - version: 4.0.5 - missing functions: none
symbol engine: initialized successfully - sym options: 0x614 - pdb path: .;C:\Program Files\Java\jdk-13.0.2\bin;C:\windows\SYSTEM32;C:\windows\WinSxS\amd64_microsoft.windows.common-controls_6595b64144ccf1df_6.0.18362.778_none_e6c6b761130d4fb8;C:\Program Files\Java\jdk-13.0.2\bin\server

VM Arguments:
jvm_args: -javaagent:C:\Program Files\JetBrains\IntelliJ IDEA 2019.3.3\lib\idea_rt.jar=65001:C:\Program Files\JetBrains\IntelliJ IDEA 2019.3.3\bin -Dfile.encoding=UTF-8 
java_command: pt.tooyummytogo.main.ClienteExemplo
java_class_path (initial): C:\Univ\2.2\DCO\Projeto\3\too-yummy-to-go\codigo\TooYummyToGo\bin;C:\Univ\2.2\DCO\Projeto\3\too-yummy-to-go\codigo\TooYummyToGo\lib\GeographicLib-Java-1.50.jar;C:\Univ\2.2\DCO\Projeto\3\too-yummy-to-go\codigo\TooYummyToGo\lib\monstercard.jar;C:\Univ\2.2\DCO\Projeto\3\too-yummy-to-go\codigo\TooYummyToGo\lib\portugueseexpress.jar;C:\Program Files\JetBrains\IntelliJ IDEA 2019.3.3\lib\junit.jar;C:\Users\saraq\.m2\repository\junit\junit\4.12\junit-4.12.jar;C:\Users\saraq\.m2\repository\org\hamcrest\hamcrest-core\1.3\hamcrest-core-1.3.jar
Launcher Type: SUN_STANDARD

[Global flags]
     intx CICompilerCount                          = 4                                         {product} {ergonomic}
     uint ConcGCThreads                            = 2                                         {product} {ergonomic}
     uint G1ConcRefinementThreads                  = 8                                         {product} {ergonomic}
   size_t G1HeapRegionSize                         = 1048576                                   {product} {ergonomic}
    uintx GCDrainStackTargetSize                   = 64                                        {product} {ergonomic}
   size_t InitialHeapSize                          = 100663296                                 {product} {ergonomic}
   size_t MarkStackSize                            = 4194304                                   {product} {ergonomic}
   size_t MaxHeapSize                              = 1598029824                                {product} {ergonomic}
   size_t MinHeapDeltaBytes                        = 1048576                                   {product} {ergonomic}
   size_t MinHeapSize                              = 8388608                                   {product} {ergonomic}
    uintx NonNMethodCodeHeapSize                   = 5839372                                {pd product} {ergonomic}
    uintx NonProfiledCodeHeapSize                  = 122909434                              {pd product} {ergonomic}
    uintx ProfiledCodeHeapSize                     = 122909434                              {pd product} {ergonomic}
    uintx ReservedCodeCacheSize                    = 251658240                              {pd product} {ergonomic}
     bool SegmentedCodeCache                       = true                                      {product} {ergonomic}
   size_t SoftMaxHeapSize                          = 1598029824                             {manageable} {ergonomic}
     bool UseCompressedClassPointers               = true                                 {lp64_product} {ergonomic}
     bool UseCompressedOops                        = true                                 {lp64_product} {ergonomic}
     bool UseG1GC                                  = true                                      {product} {ergonomic}
     bool UseLargePagesIndividualAllocation        = false                                  {pd product} {ergonomic}

Logging:
Log output configuration:
 #0: stdout all=warning uptime,level,tags
 #1: stderr all=off uptime,level,tags

Environment Variables:
PATH=C:\Program Files (x86)\Common Files\Oracle\Java\javapath;C:\windows\system32;C:\windows;C:\windows\System32\Wbem;C:\windows\System32\WindowsPowerShell\v1.0\;C:\windows\System32\OpenSSH\;C:\Users\saraq\AppData\Local\Microsoft\WindowsApps;C:\Users\saraq\AppData\Local\Programs\Microsoft VS Code\bin;C:\Users\saraq\AppData\Local\GitHubDesktop\bin;C:\Program Files (x86)\mingw-w64\i686-8.1.0-posix-dwarf-rt_v6-rev0\mingw32\bin;;C:\Program Files\JetBrains\CLion 2019.3.4\bin;;C:\Program Files\JetBrains\IntelliJ IDEA 2019.3.3\bin;
USERNAME=saraq
OS=Windows_NT
PROCESSOR_IDENTIFIER=AMD64 Family 23 Model 24 Stepping 1, AuthenticAMD



---------------  S Y S T E M  ---------------

OS: Windows 10 , 64 bit Build 18362 (10.0.18362.778)

CPU:total 8 (initial active 8) (8 cores per cpu, 2 threads per core) family 23 model 24 stepping 1, cmov, cx8, fxsr, mmx, sse, sse2, sse3, ssse3, sse4.1, sse4.2, popcnt, avx, avx2, aes, clmul, mmxext, 3dnowpref, lzcnt, sse4a, ht, tsc, tscinvbit, tscinv, bmi1, bmi2, adx, sha, fma

Memory: 4k page, system-wide physical 6090M (746M free)
TotalPageFile size 7590M (AvailPageFile size 32M)
current process WorkingSet (physical memory assigned to process): 10M, peak: 10M
current process commit charge ("private bytes"): 60M, peak: 156M

vm_info: Java HotSpot(TM) 64-Bit Server VM (13.0.2+8) for windows-amd64 JRE (13.0.2+8), built on Dec 11 2019 09:20:33 by "mach5one" with unknown MS VC++:1916

END.
